# JRE version: Java(TM) SE Runtime Environment (8.0_241-b07) (build 1.8.0_241-b07)
# Java VM: Java HotSpot(TM) 64-Bit Server VM (25.241-b07 mixed mode windows-amd64 compressed oops)
Heap:
 garbage-first heap   total 293888K, used 219362K [0x00000000c0000000, 0x00000000c01008f8, 0x0000000100000000)
  region size 1024K, 37 young (37888K), 2 survivors (2048K)
 Metaspace       used 127119K, capacity 140446K, committed 140696K, reserved 1171456K
  class space    used 15822K, capacity 19263K, committed 19352K, reserved 1048576K
GC Heap History (10 events):
Event: 141.191 GC heap before
{Heap before GC invocations=54 (full 0):
 garbage-first heap   total 293888K, used 184963K [0x00000000c0000000, 0x00000000c01008f8, 0x0000000100000000)
  region size 1024K, 14 young (14336K), 7 survivors (7168K)
 Metaspace       used 125316K, capacity 138722K, committed 139032K, reserved 1169408K
  class space    used 15672K, capacity 19120K, committed 19224K, reserved 1048576K
Event: 141.264 GC heap after
Heap after GC invocations=55 (full 0):
 garbage-first heap   total 293888K, used 174592K [0x00000000c0000000, 0x00000000c01008f8, 0x0000000100000000)
  region size 1024K, 2 young (2048K), 2 survivors (2048K)
 Metaspace       used 125316K, capacity 138722K, committed 139032K, reserved 1169408K
  class space    used 15672K, capacity 19120K, committed 19224K, reserved 1048576K
}
Event: 152.245 GC heap before
{Heap before GC invocations=55 (full 0):
 garbage-first heap   total 293888K, used 254464K [0x00000000c0000000, 0x00000000c01008f8, 0x0000000100000000)
  region size 1024K, 80 young (81920K), 2 survivors (2048K)
 Metaspace       used 126085K, capacity 139608K, committed 139800K, reserved 1169408K
  class space    used 15742K, capacity 19165K, committed 19224K, reserved 1048576K
Event: 152.278 GC heap after
Heap after GC invocations=56 (full 0):
 garbage-first heap   total 293888K, used 185856K [0x00000000c0000000, 0x00000000c01008f8, 0x0000000100000000)
  region size 1024K, 10 young (10240K), 10 survivors (10240K)
 Metaspace       used 126085K, capacity 139608K, committed 139800K, reserved 1169408K
  class space    used 15742K, capacity 19165K, committed 19224K, reserved 1048576K
}
Event: 152.374 GC heap before
{Heap before GC invocations=56 (full 0):
 garbage-first heap   total 293888K, used 189952K [0x00000000c0000000, 0x00000000c01008f8, 0x0000000100000000)
  region size 1024K, 15 young (15360K), 10 survivors (10240K)
 Metaspace       used 126129K, capacity 139614K, committed 139800K, reserved 1169408K
  class space    used 15752K, capacity 19166K, committed 19224K, reserved 1048576K
Event: 152.398 GC heap after
Heap after GC invocations=57 (full 0):
 garbage-first heap   total 293888K, used 187392K [0x00000000c0000000, 0x00000000c01008f8, 0x0000000100000000)
  region size 1024K, 3 young (3072K), 3 survivors (3072K)
 Metaspace       used 126129K, capacity 139614K, committed 139800K, reserved 1169408K
  class space    used 15752K, capacity 19166K, committed 19224K, reserved 1048576K
}
Event: 172.391 GC heap before
{Heap before GC invocations=58 (full 0):
 garbage-first heap   total 293888K, used 256647K [0x00000000c0000000, 0x00000000c01008f8, 0x0000000100000000)
  region size 1024K, 70 young (71680K), 3 survivors (3072K)
 Metaspace       used 127030K, capacity 140446K, committed 140696K, reserved 1171456K
  class space    used 15815K, capacity 19263K, committed 19352K, reserved 1048576K
Event: 172.414 GC heap after
Heap after GC invocations=59 (full 0):
 garbage-first heap   total 293888K, used 188831K [0x00000000c0000000, 0x00000000c01008f8, 0x0000000100000000)
  region size 1024K, 4 young (4096K), 4 survivors (4096K)
 Metaspace       used 127030K, capacity 140446K, committed 140696K, reserved 1171456K
  class space    used 15815K, capacity 19263K, committed 19352K, reserved 1048576K
}
Event: 185.777 GC heap before
{Heap before GC invocations=59 (full 0):
 garbage-first heap   total 293888K, used 199071K [0x00000000c0000000, 0x00000000c01008f8, 0x0000000100000000)
  region size 1024K, 14 young (14336K), 4 survivors (4096K)
 Metaspace       used 127031K, capacity 140446K, committed 140696K, reserved 1171456K
  class space    used 15815K, capacity 19263K, committed 19352K, reserved 1048576K
Event: 185.803 GC heap after
Heap after GC invocations=60 (full 0):
 garbage-first heap   total 293888K, used 184546K [0x00000000c0000000, 0x00000000c01008f8, 0x0000000100000000)
  region size 1024K, 2 young (2048K), 2 survivors (2048K)
 Metaspace       used 127031K, capacity 140446K, committed 140696K, reserved 1171456K
  class space    used 15815K, capacity 19263K, committed 19352K, reserved 1048576K
}

